# JRE version: Java(TM) SE Runtime Environment (8.0_291-b10) (build 1.8.0_291-b10)
# Java VM: Java HotSpot(TM) 64-Bit Server VM (25.291-b10 mixed mode windows-amd64 compressed oops)
Heap:
 PSYoungGen      total 659456K, used 208790K [0x00000000d6000000, 0x0000000100000000, 0x0000000100000000)
  eden space 633856K, 32% used [0x00000000d6000000,0x00000000e2be5bb0,0x00000000fcb00000)
  from space 25600K, 0% used [0x00000000fcb00000,0x00000000fcb00000,0x00000000fe400000)
  to   space 28160K, 0% used [0x00000000fe480000,0x00000000fe480000,0x0000000100000000)
 ParOldGen       total 94208K, used 36814K [0x0000000082000000, 0x0000000087c00000, 0x00000000d6000000)
  object space 94208K, 39% used [0x0000000082000000,0x00000000843f3bb8,0x0000000087c00000)
 Metaspace       used 32585K, capacity 32942K, committed 33152K, reserved 1079296K
  class space    used 3557K, capacity 3666K, committed 3712K, reserved 1048576K
GC Heap History (10 events):
Event: 3.943 GC heap before
{Heap before GC invocations=10 (full 0):
 PSYoungGen      total 291328K, used 262432K [0x00000000d6000000, 0x00000000f3100000, 0x0000000100000000)
  eden space 262144K, 100% used [0x00000000d6000000,0x00000000e6000000,0x00000000e6000000)
  from space 29184K, 0% used [0x00000000e6000000,0x00000000e6048000,0x00000000e7c80000)
  to   space 28160K, 0% used [0x00000000f1580000,0x00000000f1580000,0x00000000f3100000)
 ParOldGen       total 86016K, used 40898K [0x0000000082000000, 0x0000000087400000, 0x00000000d6000000)
  object space 86016K, 47% used [0x0000000082000000,0x00000000847f0b08,0x0000000087400000)
 Metaspace       used 10317K, capacity 10456K, committed 10752K, reserved 1058816K
  class space    used 658K, capacity 689K, committed 768K, reserved 1048576K
Event: 3.944 GC heap after
Heap after GC invocations=10 (full 0):
 PSYoungGen      total 446976K, used 192K [0x00000000d6000000, 0x00000000f3000000, 0x0000000100000000)
  eden space 419840K, 0% used [0x00000000d6000000,0x00000000d6000000,0x00000000efa00000)
  from space 27136K, 0% used [0x00000000f1580000,0x00000000f15b0000,0x00000000f3000000)
  to   space 27648K, 0% used [0x00000000efa00000,0x00000000efa00000,0x00000000f1500000)
 ParOldGen       total 86016K, used 41130K [0x0000000082000000, 0x0000000087400000, 0x00000000d6000000)
  object space 86016K, 47% used [0x0000000082000000,0x000000008482ab08,0x0000000087400000)
 Metaspace       used 10317K, capacity 10456K, committed 10752K, reserved 1058816K
  class space    used 658K, capacity 689K, committed 768K, reserved 1048576K
}
Event: 4.482 GC heap before
{Heap before GC invocations=11 (full 0):
 PSYoungGen      total 446976K, used 420032K [0x00000000d6000000, 0x00000000f3000000, 0x0000000100000000)
  eden space 419840K, 100% used [0x00000000d6000000,0x00000000efa00000,0x00000000efa00000)
  from space 27136K, 0% used [0x00000000f1580000,0x00000000f15b0000,0x00000000f3000000)
  to   space 27648K, 0% used [0x00000000efa00000,0x00000000efa00000,0x00000000f1500000)
 ParOldGen       total 86016K, used 41130K [0x0000000082000000, 0x0000000087400000, 0x00000000d6000000)
  object space 86016K, 47% used [0x0000000082000000,0x000000008482ab08,0x0000000087400000)
 Metaspace       used 10318K, capacity 10456K, committed 10752K, reserved 1058816K
  class space    used 658K, capacity 689K, committed 768K, reserved 1048576K
Event: 4.483 GC heap after
Heap after GC invocations=11 (full 0):
 PSYoungGen      total 447488K, used 128K [0x00000000d6000000, 0x00000000ffe80000, 0x0000000100000000)
  eden space 419840K, 0% used [0x00000000d6000000,0x00000000d6000000,0x00000000efa00000)
  from space 27648K, 0% used [0x00000000efa00000,0x00000000efa20000,0x00000000f1500000)
  to   space 26624K, 0% used [0x00000000fe480000,0x00000000fe480000,0x00000000ffe80000)
 ParOldGen       total 86016K, used 41162K [0x0000000082000000, 0x0000000087400000, 0x00000000d6000000)
  object space 86016K, 47% used [0x0000000082000000,0x0000000084832b08,0x0000000087400000)
 Metaspace       used 10318K, capacity 10456K, committed 10752K, reserved 1058816K
  class space    used 658K, capacity 689K, committed 768K, reserved 1048576K
}
Event: 5.064 GC heap before
{Heap before GC invocations=12 (full 0):
 PSYoungGen      total 447488K, used 419968K [0x00000000d6000000, 0x00000000ffe80000, 0x0000000100000000)
  eden space 419840K, 100% used [0x00000000d6000000,0x00000000efa00000,0x00000000efa00000)
  from space 27648K, 0% used [0x00000000efa00000,0x00000000efa20000,0x00000000f1500000)
  to   space 26624K, 0% used [0x00000000fe480000,0x00000000fe480000,0x00000000ffe80000)
 ParOldGen       total 86016K, used 41162K [0x0000000082000000, 0x0000000087400000, 0x00000000d6000000)
  object space 86016K, 47% used [0x0000000082000000,0x0000000084832b08,0x0000000087400000)
 Metaspace       used 10484K, capacity 10584K, committed 10752K, reserved 1058816K
  class space    used 680K, capacity 689K, committed 768K, reserved 1048576K
Event: 5.065 GC heap after
Heap after GC invocations=12 (full 0):
 PSYoungGen      total 658944K, used 256K [0x00000000d6000000, 0x00000000ffd00000, 0x0000000100000000)
  eden space 633856K, 0% used [0x00000000d6000000,0x00000000d6000000,0x00000000fcb00000)
  from space 25088K, 1% used [0x00000000fe480000,0x00000000fe4c0000,0x00000000ffd00000)
  to   space 25600K, 0% used [0x00000000fcb00000,0x00000000fcb00000,0x00000000fe400000)
 ParOldGen       total 86016K, used 41194K [0x0000000082000000, 0x0000000087400000, 0x00000000d6000000)
  object space 86016K, 47% used [0x0000000082000000,0x000000008483ab08,0x0000000087400000)
 Metaspace       used 10484K, capacity 10584K, committed 10752K, reserved 1058816K
  class space    used 680K, capacity 689K, committed 768K, reserved 1048576K
}
Event: 6.984 GC heap before
{Heap before GC invocations=13 (full 0):
 PSYoungGen      total 658944K, used 604345K [0x00000000d6000000, 0x00000000ffd00000, 0x0000000100000000)
  eden space 633856K, 95% used [0x00000000d6000000,0x00000000fadee678,0x00000000fcb00000)
  from space 25088K, 1% used [0x00000000fe480000,0x00000000fe4c0000,0x00000000ffd00000)
  to   space 25600K, 0% used [0x00000000fcb00000,0x00000000fcb00000,0x00000000fe400000)
 ParOldGen       total 86016K, used 41194K [0x0000000082000000, 0x0000000087400000, 0x00000000d6000000)
  object space 86016K, 47% used [0x0000000082000000,0x000000008483ab08,0x0000000087400000)
 Metaspace       used 21019K, capacity 21164K, committed 21248K, reserved 1069056K
  class space    used 2214K, capacity 2299K, committed 2304K, reserved 1048576K
Event: 6.994 GC heap after
Heap after GC invocations=13 (full 0):
 PSYoungGen      total 659456K, used 17875K [0x00000000d6000000, 0x0000000100000000, 0x0000000100000000)
  eden space 633856K, 0% used [0x00000000d6000000,0x00000000d6000000,0x00000000fcb00000)
  from space 25600K, 69% used [0x00000000fcb00000,0x00000000fdc74c20,0x00000000fe400000)
  to   space 28160K, 0% used [0x00000000fe480000,0x00000000fe480000,0x0000000100000000)
 ParOldGen       total 86016K, used 41242K [0x0000000082000000, 0x0000000087400000, 0x00000000d6000000)
  object space 86016K, 47% used [0x0000000082000000,0x0000000084846b08,0x0000000087400000)
 Metaspace       used 21019K, capacity 21164K, committed 21248K, reserved 1069056K
  class space    used 2214K, capacity 2299K, committed 2304K, reserved 1048576K
}
Event: 6.994 GC heap before
{Heap before GC invocations=14 (full 1):
 PSYoungGen      total 659456K, used 17875K [0x00000000d6000000, 0x0000000100000000, 0x0000000100000000)
  eden space 633856K, 0% used [0x00000000d6000000,0x00000000d6000000,0x00000000fcb00000)
  from space 25600K, 69% used [0x00000000fcb00000,0x00000000fdc74c20,0x00000000fe400000)
  to   space 28160K, 0% used [0x00000000fe480000,0x00000000fe480000,0x0000000100000000)
 ParOldGen       total 86016K, used 41242K [0x0000000082000000, 0x0000000087400000, 0x00000000d6000000)
  object space 86016K, 47% used [0x0000000082000000,0x0000000084846b08,0x0000000087400000)
 Metaspace       used 21019K, capacity 21164K, committed 21248K, reserved 1069056K
  class space    used 2214K, capacity 2299K, committed 2304K, reserved 1048576K
Event: 7.014 GC heap after
Heap after GC invocations=14 (full 1):
 PSYoungGen      total 659456K, used 0K [0x00000000d6000000, 0x0000000100000000, 0x0000000100000000)
  eden space 633856K, 0% used [0x00000000d6000000,0x00000000d6000000,0x00000000fcb00000)
  from space 25600K, 0% used [0x00000000fcb00000,0x00000000fcb00000,0x00000000fe400000)
  to   space 28160K, 0% used [0x00000000fe480000,0x00000000fe480000,0x0000000100000000)
 ParOldGen       total 94208K, used 36814K [0x0000000082000000, 0x0000000087c00000, 0x00000000d6000000)
  object space 94208K, 39% used [0x0000000082000000,0x00000000843f3bb8,0x0000000087c00000)
 Metaspace       used 21019K, capacity 21164K, committed 21248K, reserved 1069056K
  class space    used 2214K, capacity 2299K, committed 2304K, reserved 1048576K
}

